25-10-17 09:38:39.829 [background-preinit] [32mINFO [0;39m o.h.validator.internal.util.Version  [ |  | ] - HV000001: Hibernate Validator 8.0.3.Final
25-10-17 09:38:39.874 [restartedMain] [32mINFO [0;39m com.codeit.blog.Application          [ |  | ] - Starting Application v1.0.0 using Java 17.0.15 with PID 24784 (C:\Users\hyuns\java_practice\22_spring_blog_querydsl_base\build\classes\java\main started by hyuns in C:\Users\hyuns\java_practice)
25-10-17 09:38:39.874 [restartedMain] [32mDEBUG[0;39m com.codeit.blog.Application          [ |  | ] - Running with Spring Boot v3.5.6, Spring v6.2.11
25-10-17 09:38:39.875 [restartedMain] [32mINFO [0;39m com.codeit.blog.Application          [ |  | ] - The following 1 profile is active: "dev"
25-10-17 09:38:39.913 [restartedMain] [32mINFO [0;39m o.s.b.d.e.DevToolsPropertyDefaultsPostProcessor [ |  | ] - Devtools property defaults active! Set 'spring.devtools.add-properties' to 'false' to disable
25-10-17 09:38:39.913 [restartedMain] [32mINFO [0;39m o.s.b.d.e.DevToolsPropertyDefaultsPostProcessor [ |  | ] - For additional web related logging consider setting the 'logging.level.web' property to 'DEBUG'
25-10-17 09:38:40.913 [restartedMain] [32mINFO [0;39m o.s.d.r.c.RepositoryConfigurationDelegate [ |  | ] - Bootstrapping Spring Data JPA repositories in DEFAULT mode.
25-10-17 09:38:40.976 [restartedMain] [32mINFO [0;39m o.s.d.r.c.RepositoryConfigurationDelegate [ |  | ] - Finished Spring Data repository scanning in 55 ms. Found 4 JPA repository interfaces.
25-10-17 09:38:41.666 [restartedMain] [32mINFO [0;39m o.s.b.w.e.tomcat.TomcatWebServer     [ |  | ] - Tomcat initialized with port 8080 (http)
25-10-17 09:38:41.678 [restartedMain] [32mINFO [0;39m o.a.coyote.http11.Http11NioProtocol  [ |  | ] - Initializing ProtocolHandler ["http-nio-8080"]
25-10-17 09:38:41.679 [restartedMain] [32mINFO [0;39m o.a.catalina.core.StandardService    [ |  | ] - Starting service [Tomcat]
25-10-17 09:38:41.679 [restartedMain] [32mINFO [0;39m o.a.catalina.core.StandardEngine     [ |  | ] - Starting Servlet engine: [Apache Tomcat/10.1.46]
25-10-17 09:38:41.733 [restartedMain] [32mINFO [0;39m o.a.c.c.C.[Tomcat].[localhost].[/]   [ |  | ] - Initializing Spring embedded WebApplicationContext
25-10-17 09:38:41.734 [restartedMain] [32mINFO [0;39m o.s.b.w.s.c.ServletWebServerApplicationContext [ |  | ] - Root WebApplicationContext: initialization completed in 1821 ms
25-10-17 09:38:41.876 [restartedMain] [32mDEBUG[0;39m o.s.w.f.ServerHttpObservationFilter  [ |  | ] - Filter 'webMvcObservationFilter' configured for use
25-10-17 09:38:41.876 [restartedMain] [32mDEBUG[0;39m o.s.w.s.r.ResourceUrlEncodingFilter  [ |  | ] - Filter 'resourceUrlEncodingFilter' configured for use
25-10-17 09:38:41.933 [restartedMain] [32mINFO [0;39m com.zaxxer.hikari.HikariDataSource   [ |  | ] - HikariPool-1 - Starting...
25-10-17 09:38:42.109 [restartedMain] [32mINFO [0;39m com.zaxxer.hikari.pool.HikariPool    [ |  | ] - HikariPool-1 - Added connection conn0: url=jdbc:h2:mem:blogdb user=SA
25-10-17 09:38:42.111 [restartedMain] [32mINFO [0;39m com.zaxxer.hikari.HikariDataSource   [ |  | ] - HikariPool-1 - Start completed.
25-10-17 09:38:42.244 [restartedMain] [32mINFO [0;39m o.h.jpa.internal.util.LogHelper      [ |  | ] - HHH000204: Processing PersistenceUnitInfo [name: default]
25-10-17 09:38:42.305 [restartedMain] [32mINFO [0;39m org.hibernate.Version                [ |  | ] - HHH000412: Hibernate ORM core version 6.6.29.Final
25-10-17 09:38:42.342 [restartedMain] [32mINFO [0;39m o.h.c.i.RegionFactoryInitiator       [ |  | ] - HHH000026: Second-level cache disabled
25-10-17 09:38:42.614 [restartedMain] [32mINFO [0;39m o.s.o.j.p.SpringPersistenceUnitInfo  [ |  | ] - No LoadTimeWeaver setup: ignoring JPA class transformer
25-10-17 09:38:42.658 [restartedMain] [33mWARN [0;39m org.hibernate.dialect.Dialect        [ |  | ] - HHH000511: The 2.3.232 version for [org.hibernate.dialect.PostgreSQLDialect] is no longer supported, hence certain features may not work properly. The minimum supported version is 12.0.0. Check the community dialects project for available legacy versions.
25-10-17 09:38:42.664 [restartedMain] [33mWARN [0;39m org.hibernate.orm.deprecation        [ |  | ] - HHH90000025: PostgreSQLDialect does not need to be specified explicitly using 'hibernate.dialect' (remove the property setting and it will be selected by default)
25-10-17 09:38:42.677 [restartedMain] [32mINFO [0;39m o.hibernate.orm.connections.pooling  [ |  | ] - HHH10001005: Database info:
	Database JDBC URL [Connecting through datasource 'HikariDataSource (HikariPool-1)']
	Database driver: undefined/unknown
	Database version: 2.3.232
	Autocommit mode: undefined/unknown
	Isolation level: undefined/unknown
	Minimum pool size: undefined/unknown
	Maximum pool size: undefined/unknown
25-10-17 09:38:42.683 [restartedMain] [32mDEBUG[0;39m o.h.t.d.sql.spi.DdlTypeRegistry      [ |  | ] - addDescriptor(2003, org.hibernate.type.descriptor.sql.internal.ArrayDdlTypeImpl@cb637d) replaced previous registration(org.hibernate.type.descriptor.sql.internal.ArrayDdlTypeImpl@6c6135f0)
25-10-17 09:38:42.683 [restartedMain] [32mDEBUG[0;39m o.h.t.d.sql.spi.DdlTypeRegistry      [ |  | ] - addDescriptor(6, org.hibernate.type.descriptor.sql.internal.CapacityDependentDdlType@6c3dbaf1) replaced previous registration(org.hibernate.type.descriptor.sql.internal.DdlTypeImpl@2b625790)
25-10-17 09:38:43.545 [restartedMain] [32mINFO [0;39m o.h.e.t.j.p.i.JtaPlatformInitiator   [ |  | ] - HHH000489: No JTA platform available (set 'hibernate.transaction.jta.platform' to enable JTA platform integration)
25-10-17 09:38:43.592 [restartedMain] [32mINFO [0;39m o.s.o.j.LocalContainerEntityManagerFactoryBean [ |  | ] - Initialized JPA EntityManagerFactory for persistence unit 'default'
25-10-17 09:38:44.045 [restartedMain] [32mINFO [0;39m o.s.d.j.r.query.QueryEnhancerFactory [ |  | ] - Hibernate is in classpath; If applicable, HQL parser will be used.
25-10-17 09:38:44.766 [restartedMain] [32mINFO [0;39m o.s.b.a.w.s.WelcomePageHandlerMapping [ |  | ] - Adding welcome page template: index
25-10-17 09:38:44.821 [restartedMain] [32mTRACE[0;39m o.s.w.s.m.m.a.RequestMappingHandlerMapping [ |  | ] - 
	c.c.b.c.AuthController:
	{POST [/api/auth/login]}: login(UserLoginRequest)
25-10-17 09:38:44.826 [restartedMain] [32mTRACE[0;39m o.s.w.s.m.m.a.RequestMappingHandlerMapping [ |  | ] - 
	c.c.b.c.CommentController:
	{DELETE [/api/comments/{id}]}: delete(Long)
	{POST [/api/comments]}: create(CommentCreateRequest)
	{GET [/api/comments/{id}]}: findById(Long)
	{GET [/api/comments/flat]}: findFlat(CommentSearchRequest)
	{GET [/api/comments/slice]}: findAllSlice(int,Long)
	{GET [/api/comments]}: findAll2()
25-10-17 09:38:44.829 [restartedMain] [32mTRACE[0;39m o.s.w.s.m.m.a.RequestMappingHandlerMapping [ |  | ] - 
	c.c.b.c.FileController:
	{GET [/attachments/{filename:.+}]}: getAttachmentByName(String,boolean)
	{GET [/avatars/{filename:.+}]}: getAvatar(String)
	{GET [/api/files/{id}/download]}: downloadFile(Long)
	{GET [/{id}/inline]}: inlineById(Long)
25-10-17 09:38:44.831 [restartedMain] [32mTRACE[0;39m o.s.w.s.m.m.a.RequestMappingHandlerMapping [ |  | ] - 
	c.c.b.c.PageController:
	{GET [/user/signup]}: signupPage()
	{GET [/user/update]}: updateUserPage()
	{GET [/user/login]}: loginPage()
	{GET [/user/find]}: findUserPage()
	{GET [/]}: homePage()
	{GET [/user/delete]}: deleteUserPage()
	{GET [/comment/find]}: findCommentPage()
	{GET [/comment/create]}: createCommentPage()
	{GET [/post/delete]}: deletePostPage()
	{GET [/post/create]}: createPostPage()
	{GET [/post/update]}: updatePostPage()
	{GET [/comment/delete]}: deleteCommentPage()
	{GET [/post/find]}: findPostPage()
	{GET [/post/deletesoft]}: deletePostPageSoft()
25-10-17 09:38:44.835 [restartedMain] [32mTRACE[0;39m o.s.w.s.m.m.a.RequestMappingHandlerMapping [ |  | ] - 
	c.c.b.c.PostController:
	{PUT [/api/posts/{id}], consumes [multipart/form-data]}: update(Long,PostUpdateRequest,List)
	{GET [/api/posts/count]}: count()
	{DELETE [/api/posts/{id}]}: delete(Long)
	{POST [/api/posts], consumes [multipart/form-data]}: create(PostCreateRequest,List)
	{GET [/api/posts/{id}]}: findById(Long)
	{GET [/api/posts/tag/{tag}]}: findTag(String)
	{GET [/api/posts/title/{title}]}: findTitle(String)
	{DELETE [/api/posts/{id}/soft]}: deleteSoft(Long)
	{GET [/api/posts/search1]}: findPage(PostSearchRequest)
	{GET [/api/posts]}: findPage()
	{GET [/api/posts/category]}: findCategory(List)
	{GET [/api/posts/category/{category}]}: findCategory(String)
	{GET [/api/posts/search2]}: findPage2(PostSearchRequest)
	{GET [/api/posts/{postId}/comments]}: findByPost(Long)
25-10-17 09:38:44.839 [restartedMain] [32mTRACE[0;39m o.s.w.s.m.m.a.RequestMappingHandlerMapping [ |  | ] - 
	c.c.b.c.UserController:
	{DELETE [/api/users/{id}]}: delete(Long)
	{POST [/api/users], consumes [multipart/form-data]}: create(UserCreateRequest,MultipartFile)
	{GET [/api/users]}: findAll(String)
	{GET [/api/users/{id}]}: findById(Long)
	{GET [/api/users/{userId}/comments]}: findCommentByUser(Long)
	{GET [/api/users/{userId}/posts]}: findPostByUser(Long)
	{PATCH [/api/users/{id}], consumes [multipart/form-data]}: updatePatch(Long,UserUpdateRequest,MultipartFile)
	{PUT [/api/users/{id}], consumes [multipart/form-data]}: updatePut(Long,UserUpdateRequest,MultipartFile)
25-10-17 09:38:44.842 [restartedMain] [32mTRACE[0;39m o.s.w.s.m.m.a.RequestMappingHandlerMapping [ |  | ] - 
	o.s.b.a.w.s.e.BasicErrorController:
	{ [/error]}: error(HttpServletRequest)
	{ [/error], produces [text/html]}: errorHtml(HttpServletRequest,HttpServletResponse)
25-10-17 09:38:44.844 [restartedMain] [32mTRACE[0;39m o.s.w.s.m.m.a.RequestMappingHandlerMapping [ |  | ] - 
	o.s.w.a.MultipleOpenApiWebMvcResource:
	{GET [/api-docs.yaml/{group}], produces [application/vnd.oai.openapi]}: openapiYaml(HttpServletRequest,String,String,Locale)
	{GET [/api-docs/{group}], produces [application/json]}: openapiJson(HttpServletRequest,String,String,Locale)
25-10-17 09:38:44.850 [restartedMain] [32mTRACE[0;39m o.s.w.s.m.m.a.RequestMappingHandlerMapping [ |  | ] - 
	o.s.w.a.OpenApiWebMvcResource:
	{GET [/api-docs.yaml], produces [application/vnd.oai.openapi]}: openapiYaml(HttpServletRequest,String,Locale)
	{GET [/api-docs], produces [application/json]}: openapiJson(HttpServletRequest,String,Locale)
25-10-17 09:38:44.851 [restartedMain] [32mTRACE[0;39m o.s.w.s.m.m.a.RequestMappingHandlerMapping [ |  | ] - 
	o.s.w.u.SwaggerWelcomeWebMvc:
	{GET [/swagger-ui.html]}: redirectToUi(HttpServletRequest)
25-10-17 09:38:44.851 [restartedMain] [32mTRACE[0;39m o.s.w.s.m.m.a.RequestMappingHandlerMapping [ |  | ] - 
	o.s.w.u.SwaggerConfigResource:
	{GET [/api-docs/swagger-config], produces [application/json]}: openapiJson(HttpServletRequest)
25-10-17 09:38:44.853 [restartedMain] [32mDEBUG[0;39m o.s.w.s.m.m.a.RequestMappingHandlerMapping [ |  | ] - 55 mappings in 'requestMappingHandlerMapping'
25-10-17 09:38:44.870 [restartedMain] [32mDEBUG[0;39m o.s.w.s.h.BeanNameUrlHandlerMapping  [ |  | ] - Detected 0 mappings in 'beanNameHandlerMapping'
25-10-17 09:38:44.953 [restartedMain] [32mTRACE[0;39m o.s.w.s.f.s.RouterFunctionMapping    [ |  | ] - 0 RouterFunction(s) in 'routerFunctionMapping'
25-10-17 09:38:44.966 [restartedMain] [32mTRACE[0;39m o.s.w.s.h.SimpleUrlHandlerMapping    [ |  | ] - Mapped [/webjars/**] onto ResourceHttpRequestHandler [classpath [META-INF/resources/webjars/]]
25-10-17 09:38:44.967 [restartedMain] [32mTRACE[0;39m o.s.w.s.h.SimpleUrlHandlerMapping    [ |  | ] - Mapped [/**] onto ResourceHttpRequestHandler [classpath [META-INF/resources/], classpath [resources/], classpath [static/], classpath [public/], ServletContext [/]]
25-10-17 09:38:44.967 [restartedMain] [32mTRACE[0;39m o.s.w.s.h.SimpleUrlHandlerMapping    [ |  | ] - Mapped [/swagger-ui*/*swagger-initializer.js] onto ResourceHttpRequestHandler [classpath [META-INF/resources/webjars/]]
25-10-17 09:38:44.967 [restartedMain] [32mTRACE[0;39m o.s.w.s.h.SimpleUrlHandlerMapping    [ |  | ] - Mapped [/swagger-ui*/**] onto ResourceHttpRequestHandler [classpath [META-INF/resources/webjars/]]
25-10-17 09:38:44.967 [restartedMain] [32mDEBUG[0;39m o.s.w.s.h.SimpleUrlHandlerMapping    [ |  | ] - Patterns [/webjars/**, /**, /swagger-ui*/*swagger-initializer.js, /swagger-ui*/**] in 'resourceHandlerMapping'
25-10-17 09:38:45.005 [restartedMain] [32mDEBUG[0;39m o.s.w.s.m.m.a.RequestMappingHandlerAdapter [ |  | ] - ControllerAdvice beans: 0 @ModelAttribute, 0 @InitBinder, 1 RequestBodyAdvice, 1 ResponseBodyAdvice
25-10-17 09:38:45.085 [restartedMain] [32mDEBUG[0;39m o.s.w.s.m.m.a.ExceptionHandlerExceptionResolver [ |  | ] - ControllerAdvice beans: 2 @ExceptionHandler, 1 ResponseBodyAdvice
25-10-17 09:38:45.451 [restartedMain] [32mINFO [0;39m o.s.b.a.h.H2ConsoleAutoConfiguration [ |  | ] - H2 console available at '/h2-console'. Database available at 'jdbc:h2:mem:blogdb'
25-10-17 09:38:45.527 [restartedMain] [32mINFO [0;39m o.s.b.d.a.OptionalLiveReloadServer   [ |  | ] - LiveReload server is running on port 35729
25-10-17 09:38:45.533 [restartedMain] [32mINFO [0;39m o.s.b.a.e.web.EndpointLinksResolver  [ |  | ] - Exposing 7 endpoints beneath base path '/actuator'
25-10-17 09:38:45.588 [restartedMain] [32mINFO [0;39m o.a.coyote.http11.Http11NioProtocol  [ |  | ] - Starting ProtocolHandler ["http-nio-8080"]
25-10-17 09:38:45.602 [restartedMain] [32mINFO [0;39m o.s.b.w.e.tomcat.TomcatWebServer     [ |  | ] - Tomcat started on port 8080 (http) with context path '/'
25-10-17 09:38:45.615 [restartedMain] [32mINFO [0;39m com.codeit.blog.Application          [ |  | ] - Started Application in 6.337 seconds (process running for 9.092)
25-10-17 09:38:49.075 [http-nio-8080-exec-1] [32mINFO [0;39m o.a.c.c.C.[Tomcat].[localhost].[/]   [ |  | ] - Initializing Spring DispatcherServlet 'dispatcherServlet'
25-10-17 09:38:49.075 [http-nio-8080-exec-1] [32mINFO [0;39m o.s.web.servlet.DispatcherServlet    [ |  | ] - Initializing Servlet 'dispatcherServlet'
25-10-17 09:38:49.075 [http-nio-8080-exec-1] [32mTRACE[0;39m o.s.web.servlet.DispatcherServlet    [ |  | ] - Detected org.springframework.web.multipart.support.StandardServletMultipartResolver@e759565
25-10-17 09:38:49.075 [http-nio-8080-exec-1] [32mTRACE[0;39m o.s.web.servlet.DispatcherServlet    [ |  | ] - Detected org.springframework.web.servlet.i18n.AcceptHeaderLocaleResolver@10bbfa1d
25-10-17 09:38:49.075 [http-nio-8080-exec-1] [32mTRACE[0;39m o.s.web.servlet.DispatcherServlet    [ |  | ] - Detected org.springframework.web.servlet.theme.FixedThemeResolver@484125c1
25-10-17 09:38:49.076 [http-nio-8080-exec-1] [32mTRACE[0;39m o.s.web.servlet.DispatcherServlet    [ |  | ] - Detected DefaultRequestToViewNameTranslator
25-10-17 09:38:49.077 [http-nio-8080-exec-1] [32mTRACE[0;39m o.s.web.servlet.DispatcherServlet    [ |  | ] - Detected SessionFlashMapManager
25-10-17 09:38:49.077 [http-nio-8080-exec-1] [32mDEBUG[0;39m o.s.web.servlet.DispatcherServlet    [ |  | ] - enableLoggingRequestDetails='false': request parameters and headers will be masked to prevent unsafe logging of potentially sensitive data
25-10-17 09:38:49.077 [http-nio-8080-exec-1] [32mINFO [0;39m o.s.web.servlet.DispatcherServlet    [ |  | ] - Completed initialization in 2 ms
25-10-17 09:38:49.097 [http-nio-8080-exec-1] [32mTRACE[0;39m o.s.web.servlet.DispatcherServlet    [ |  | ] - GET "/", parameters={}, headers={masked} in DispatcherServlet 'dispatcherServlet'
25-10-17 09:38:49.103 [http-nio-8080-exec-1] [32mTRACE[0;39m o.s.w.s.m.m.a.RequestMappingHandlerMapping [ |  | ] - Mapped to com.codeit.blog.controller.PageController#homePage()
25-10-17 09:38:49.104 [http-nio-8080-exec-1] [32mDEBUG[0;39m c.c.b.config.MDCLoggingInterceptor   [127.0.0.1-5b790622 | GET | /] - Request started
25-10-17 09:38:49.112 [http-nio-8080-exec-1] [32mTRACE[0;39m o.s.web.method.HandlerMethod         [127.0.0.1-5b790622 | GET | /] - Arguments: []
25-10-17 09:38:49.114 [http-nio-8080-exec-1] [32mDEBUG[0;39m com.codeit.blog.log.LoggingAspect    [127.0.0.1-5b790622 | GET | /] - ==> PageController.homePage([])
25-10-17 09:38:49.114 [http-nio-8080-exec-1] [32mDEBUG[0;39m com.codeit.blog.log.LoggingAspect    [127.0.0.1-5b790622 | GET | /] - <== PageController.homePage([]), return : index
25-10-17 09:38:49.117 [http-nio-8080-exec-1] [32mTRACE[0;39m o.s.w.s.m.m.a.RequestMappingHandlerAdapter [127.0.0.1-5b790622 | GET | /] - Applying default cacheSeconds=-1
25-10-17 09:38:49.125 [http-nio-8080-exec-1] [32mDEBUG[0;39m o.s.w.s.v.ContentNegotiatingViewResolver [127.0.0.1-5b790622 | GET | /] - Selected 'text/html' given [text/html, application/xhtml+xml, image/avif, image/webp, image/apng, application/xml;q=0.9, */*;q=0.8, application/signed-exchange;v=b3;q=0.7]
25-10-17 09:38:49.125 [http-nio-8080-exec-1] [32mTRACE[0;39m o.s.web.servlet.DispatcherServlet    [127.0.0.1-5b790622 | GET | /] - Rendering view [org.thymeleaf.spring6.view.ThymeleafView@24f22307] 
25-10-17 09:38:49.296 [http-nio-8080-exec-1] [32mDEBUG[0;39m c.c.b.config.MDCLoggingInterceptor   [127.0.0.1-5b790622 | GET | /] - Request finished
25-10-17 09:38:49.297 [http-nio-8080-exec-1] [32mDEBUG[0;39m o.s.web.servlet.DispatcherServlet    [ |  | ] - Completed 200 OK, headers={masked}
25-10-17 09:38:49.459 [http-nio-8080-exec-3] [32mTRACE[0;39m o.s.web.servlet.DispatcherServlet    [ |  | ] - GET "/favicon.ico", parameters={}, headers={masked} in DispatcherServlet 'dispatcherServlet'
25-10-17 09:38:49.464 [http-nio-8080-exec-3] [32mTRACE[0;39m o.s.w.s.h.SimpleUrlHandlerMapping    [ |  | ] - Mapped to HandlerExecutionChain with [ResourceHttpRequestHandler [classpath [META-INF/resources/], classpath [resources/], classpath [static/], classpath [public/], ServletContext [/]]] and 4 interceptors
25-10-17 09:38:49.466 [http-nio-8080-exec-3] [32mDEBUG[0;39m c.c.b.config.MDCLoggingInterceptor   [127.0.0.1-74f6b8d3 | GET | /favicon.ico] - Request started
25-10-17 09:38:49.467 [http-nio-8080-exec-3] [32mTRACE[0;39m o.s.w.s.r.ResourceHttpRequestHandler [127.0.0.1-74f6b8d3 | GET | /favicon.ico] - Applying default cacheSeconds=0
25-10-17 09:38:49.474 [http-nio-8080-exec-3] [32mTRACE[0;39m o.s.web.servlet.DispatcherServlet    [127.0.0.1-74f6b8d3 | GET | /favicon.ico] - No view rendering, null ModelAndView returned.
25-10-17 09:38:49.474 [http-nio-8080-exec-3] [32mDEBUG[0;39m c.c.b.config.MDCLoggingInterceptor   [127.0.0.1-74f6b8d3 | GET | /favicon.ico] - Request finished
25-10-17 09:38:49.474 [http-nio-8080-exec-3] [32mDEBUG[0;39m o.s.web.servlet.DispatcherServlet    [ |  | ] - Completed 200 OK, headers={masked}
25-10-17 09:44:27.532 [SpringApplicationShutdownHook] [32mINFO [0;39m o.s.b.w.e.tomcat.GracefulShutdown    [ |  | ] - Commencing graceful shutdown. Waiting for active requests to complete
25-10-17 09:44:27.566 [tomcat-shutdown] [32mINFO [0;39m o.s.b.w.e.tomcat.GracefulShutdown    [ |  | ] - Graceful shutdown complete
25-10-17 09:44:27.571 [SpringApplicationShutdownHook] [32mINFO [0;39m o.s.o.j.LocalContainerEntityManagerFactoryBean [ |  | ] - Closing JPA EntityManagerFactory for persistence unit 'default'
25-10-17 09:44:27.575 [SpringApplicationShutdownHook] [33mWARN [0;39m o.s.b.f.s.DisposableBeanAdapter      [ |  | ] - Invocation of destroy method failed on bean with name 'inMemoryDatabaseShutdownExecutor': org.h2.jdbc.JdbcSQLNonTransientConnectionException: Database is already closed (to disable automatic closing at VM shutdown, add ";DB_CLOSE_ON_EXIT=FALSE" to the db URL) [90121-232]
25-10-17 09:44:27.576 [SpringApplicationShutdownHook] [32mINFO [0;39m com.zaxxer.hikari.HikariDataSource   [ |  | ] - HikariPool-1 - Shutdown initiated...
25-10-17 09:44:27.577 [SpringApplicationShutdownHook] [32mINFO [0;39m com.zaxxer.hikari.HikariDataSource   [ |  | ] - HikariPool-1 - Shutdown completed.
